2020-02-04 11:33:54,488 INFO  [org.jboss.as.server.deployment.scanner] (MSC service thread 1-4) WFLYDS0013: FileSystemDeploymentService démarré pour le répertoire C:\Users\A506661\workspace\MyGitHub\java\java-parent\java-sample\jboss\standalone\deployments
2020-02-04 11:33:54,521 INFO  [org.wildfly.extension.undertow] (MSC service thread 1-6) WFLYUT0006: Undertow HTTP écouteur default écoute sur 127.0.0.1:8080
2020-02-04 11:33:54,686 INFO  [org.jboss.as.ejb3] (MSC service thread 1-5) WFLYEJB0493: Suspension du sous-système EJB terminée
2020-02-04 11:33:54,688 INFO  [org.wildfly.extension.messaging-activemq] (MSC service thread 1-8) WFLYMSGAMQ0001: AIO ne se trouvait pas sur cette plateforme, il faudra donc utiliser du Java NIO pur.
2020-02-04 11:33:54,793 INFO  [org.jboss.as.connector.subsystems.datasources] (MSC service thread 1-8) WFLYJCA0001: Source de données liée [java:jboss/datasources/rm3DB]
2020-02-04 11:33:54,796 INFO  [org.jboss.as.connector.subsystems.datasources] (MSC service thread 1-4) WFLYJCA0001: Source de données liée [java:jboss/datasources/ExampleDS]
2020-02-04 11:33:54,793 INFO  [org.apache.activemq.artemis.core.server] (ServerService Thread Pool -- 64) AMQ221000: live Message Broker is starting with configuration Broker Configuration (clustered=false,journalDirectory=C:\Users\A506661\workspace\MyGitHub\java\java-parent\java-sample\jboss\standalone\data\activemq\journal,bindingsDirectory=C:\Users\A506661\workspace\MyGitHub\java\java-parent\java-sample\jboss\standalone\data\activemq\bindings,largeMessagesDirectory=C:\Users\A506661\workspace\MyGitHub\java\java-parent\java-sample\jboss\standalone\data\activemq\largemessages,pagingDirectory=C:\Users\A506661\workspace\MyGitHub\java\java-parent\java-sample\jboss\standalone\data\activemq\paging)
2020-02-04 11:33:54,854 INFO  [org.apache.activemq.artemis.core.server] (ServerService Thread Pool -- 64) AMQ221013: Using NIO Journal
2020-02-04 11:33:54,877 INFO  [org.jboss.ws.common.management] (MSC service thread 1-6) JBWS022052: Starting JBossWS 5.2.4.Final-redhat-00001 (Apache CXF 3.2.9.redhat-00002) 
2020-02-04 11:33:54,965 INFO  [org.apache.activemq.artemis.core.server] (ServerService Thread Pool -- 64) AMQ221057: Global Max Size is being adjusted to 1/2 of the JVM max size (-Xmx). being defined as 1 891 368 960
2020-02-04 11:33:54,995 INFO  [org.apache.activemq.artemis.core.server] (ServerService Thread Pool -- 64) AMQ221043: Protocol module found: [artemis-server]. Adding protocol support for: CORE
2020-02-04 11:33:54,997 INFO  [org.apache.activemq.artemis.core.server] (ServerService Thread Pool -- 64) AMQ221043: Protocol module found: [artemis-hornetq-protocol]. Adding protocol support for: HORNETQ
2020-02-04 11:33:55,053 WARN  [org.apache.activemq.artemis.core.server] (ServerService Thread Pool -- 64) AMQ222277: Problem initializing automatic logging configuration reload for file:C:\JBoss\jboss-eap-7.2.0\standalone\configuration\logging.properties: java.net.URISyntaxException: Illegal character in opaque part at index 7: file:C:\JBoss\jboss-eap-7.2.0\standalone\configuration\logging.properties
	at java.net.URI$Parser.fail(URI.java:2848)
	at java.net.URI$Parser.checkChars(URI.java:3021)
	at java.net.URI$Parser.parse(URI.java:3058)
	at java.net.URI.<init>(URI.java:588)
	at org.apache.activemq.artemis.core.server.impl.ActiveMQServerImpl.initialisePart1(ActiveMQServerImpl.java:2714)
	at org.apache.activemq.artemis.core.server.impl.LiveOnlyActivation.run(LiveOnlyActivation.java:64)
	at org.apache.activemq.artemis.core.server.impl.ActiveMQServerImpl.internalStart(ActiveMQServerImpl.java:595)
	at org.apache.activemq.artemis.core.server.impl.ActiveMQServerImpl.start(ActiveMQServerImpl.java:522)
	at org.apache.activemq.artemis.jms.server.impl.JMSServerManagerImpl.start(JMSServerManagerImpl.java:376)
	at org.wildfly.extension.messaging.activemq.jms.JMSService.doStart(JMSService.java:206)
	at org.wildfly.extension.messaging.activemq.jms.JMSService.access$000(JMSService.java:65)
	at org.wildfly.extension.messaging.activemq.jms.JMSService$1.run(JMSService.java:100)
	at java.util.concurrent.Executors$RunnableAdapter.call(Executors.java:511)
	at java.util.concurrent.FutureTask.run(FutureTask.java:266)
	at org.jboss.threads.ContextClassLoaderSavingRunnable.run(ContextClassLoaderSavingRunnable.java:35)
	at org.jboss.threads.EnhancedQueueExecutor.safeRun(EnhancedQueueExecutor.java:1985)
	at org.jboss.threads.EnhancedQueueExecutor$ThreadBody.doRunTask(EnhancedQueueExecutor.java:1487)
	at org.jboss.threads.EnhancedQueueExecutor$ThreadBody.run(EnhancedQueueExecutor.java:1349)
	at java.lang.Thread.run(Thread.java:748)
	at org.jboss.threads.JBossThread.run(JBossThread.java:485)

2020-02-04 11:33:55,068 INFO  [org.apache.activemq.artemis.core.server] (ServerService Thread Pool -- 64) AMQ221034: Waiting indefinitely to obtain live lock
2020-02-04 11:33:55,069 INFO  [org.apache.activemq.artemis.core.server] (ServerService Thread Pool -- 64) AMQ221035: Live Server Obtained live lock
2020-02-04 11:33:55,148 INFO  [org.wildfly.iiop.openjdk] (MSC service thread 1-7) WFLYIIOP0009: Service CORBA ORB démarré
2020-02-04 11:33:57,766 INFO  [org.wildfly.extension.messaging-activemq] (MSC service thread 1-5) WFLYMSGAMQ0016: Mise à niveau HTTP enregistré pour le protocole activemq-remoting géré par l'acceptateur http-acceptor
2020-02-04 11:33:57,766 INFO  [org.wildfly.extension.messaging-activemq] (MSC service thread 1-6) WFLYMSGAMQ0016: Mise à niveau HTTP enregistré pour le protocole activemq-remoting géré par l'acceptateur http-acceptor-throughput
2020-02-04 11:33:57,766 INFO  [org.wildfly.extension.messaging-activemq] (MSC service thread 1-7) WFLYMSGAMQ0016: Mise à niveau HTTP enregistré pour le protocole activemq-remoting géré par l'acceptateur http-acceptor
2020-02-04 11:33:57,766 INFO  [org.wildfly.extension.messaging-activemq] (MSC service thread 1-4) WFLYMSGAMQ0016: Mise à niveau HTTP enregistré pour le protocole activemq-remoting géré par l'acceptateur http-acceptor-throughput
2020-02-04 11:33:57,933 INFO  [org.apache.activemq.artemis.core.server] (ServerService Thread Pool -- 64) AMQ221007: Server is now live
2020-02-04 11:33:57,934 INFO  [org.apache.activemq.artemis.core.server] (ServerService Thread Pool -- 64) AMQ221001: Apache ActiveMQ Artemis Message Broker version 2.7.0.redhat-00057 [default, nodeID=f397dd89-469c-11ea-b23a-482ae336e304] 
2020-02-04 11:33:57,947 INFO  [org.wildfly.extension.messaging-activemq] (ServerService Thread Pool -- 65) WFLYMSGAMQ0002: Object de messagerie lié au nom jndi java:/ConnectionFactory
2020-02-04 11:33:57,967 INFO  [org.wildfly.extension.messaging-activemq] (MSC service thread 1-4) WFLYMSGAMQ0006: Object de messagerie non lié au nom jndi java:jboss/DefaultJMSConnectionFactory
2020-02-04 11:33:57,967 INFO  [org.wildfly.extension.messaging-activemq] (ServerService Thread Pool -- 66) WFLYMSGAMQ0002: Object de messagerie lié au nom jndi java:jboss/exported/jms/RemoteConnectionFactory
2020-02-04 11:33:58,028 INFO  [org.jboss.as.connector.deployment] (MSC service thread 1-8) WFLYJCA0007: Fabrique de connexions enregistrée java:/JmsXA
2020-02-04 11:33:58,031 INFO  [org.jboss.as.connector.deployment] (MSC service thread 1-2) WFLYJCA0011: JCA non liée ConnectionFactory [java:/JmsXA]
2020-02-04 11:33:58,113 INFO  [org.apache.activemq.artemis.ra] (MSC service thread 1-8) AMQ151007: Resource adaptor started
2020-02-04 11:33:58,114 INFO  [org.jboss.as.connector.services.resourceadapters.ResourceAdapterActivatorService$ResourceAdapterActivator] (MSC service thread 1-8) IJ020002: Deployed: file://RaActivatoractivemq-ra
2020-02-04 11:33:58,118 INFO  [org.jboss.as.connector.deployment] (MSC service thread 1-5) WFLYJCA0002: JCA liée ConnectionFactory [java:/JmsXA]
2020-02-04 11:33:58,118 INFO  [org.wildfly.extension.messaging-activemq] (MSC service thread 1-4) WFLYMSGAMQ0002: Object de messagerie lié au nom jndi java:jboss/DefaultJMSConnectionFactory
2020-02-04 11:33:58,296 INFO  [org.jboss.as.server] (Controller Boot Thread) WFLYSRV0212: Redémarrage du serveur
2020-02-04 11:33:58,299 INFO  [org.jboss.as] (Controller Boot Thread) WFLYSRV0060: L'interface de gestion http écoute sur http://127.0.0.1:9990/management
2020-02-04 11:33:58,300 INFO  [org.jboss.as] (Controller Boot Thread) WFLYSRV0051: La console d'administration écoute sur http://127.0.0.1:9990
2020-02-04 11:33:58,301 INFO  [org.jboss.as] (Controller Boot Thread) WFLYSRV0025: JBoss EAP 7.2.3.GA (WildFly Core 6.0.15.Final-redhat-00001) a démarré en 11035ms - 333 sur 605 services ont démarré (392 services sont passifs ou à la demande)
2020-02-04 11:34:00,338 INFO  [org.jboss.as.repository] (management-handler-thread - 1) WFLYDR0001: Contenu ajouté dans location C:\Users\A506661\workspace\MyGitHub\java\java-parent\java-sample\jboss\standalone\data\content\39\6251969484d33334ad28cd36e5fd30f379634c\content
2020-02-04 11:34:00,361 INFO  [org.jboss.as.server.deployment] (MSC service thread 1-5) WFLYSRV0027: Lancement du déploiement de "server-example.war" (runtime-name: "server-example.war")
2020-02-04 11:34:00,914 WARN  [org.jboss.as.dependency.private] (MSC service thread 1-4) WFLYSRV0018: Le déploiement "deployment.server-example.war" utilise un module privé ("org.jboss.ws.cxf.jbossws-cxf-server") qui peut être modifié ou supprimé sans préavis dans des versions futures.
2020-02-04 11:34:00,928 WARN  [org.jboss.as.dependency.private] (MSC service thread 1-4) WFLYSRV0018: Le déploiement "deployment.server-example.war" utilise un module privé ("org.apache.cxf.impl") qui peut être modifié ou supprimé sans préavis dans des versions futures.
2020-02-04 11:34:01,424 INFO  [org.infinispan.factories.GlobalComponentRegistry] (MSC service thread 1-1) ISPN000128: Infinispan version: Infinispan 'Estrella Galicia' 9.3.6.Final-redhat-00001
2020-02-04 11:34:01,623 INFO  [org.jboss.as.clustering.infinispan] (ServerService Thread Pool -- 64) WFLYCLINF0002: Cache client-mappings démarré depuis le conteneur ejb
2020-02-04 11:34:01,704 INFO  [org.wildfly.security] (MSC service thread 1-8) ELY00001: WildFly Elytron version 1.6.3.Final-redhat-00001
2020-02-04 11:34:01,792 INFO  [org.wildfly.extension.undertow] (ServerService Thread Pool -- 14) WFLYUT0021: Contexte web enregistré :  « /server-example » pour le serveur « default-server »
2020-02-04 11:34:01,886 INFO  [org.jboss.as.server] (management-handler-thread - 1) WFLYSRV0010: Déploiement de "server-example.war" (runtime-name: "server-example.war")
2020-02-04 11:43:06,923 INFO  [org.wildfly.extension.undertow] (ServerService Thread Pool -- 14) WFLYUT0022: Contexte web désenregistré :  « /server-example » du serveur « default-server »
2020-02-04 11:43:06,993 INFO  [org.jboss.as.server.deployment] (MSC service thread 1-5) WFLYSRV0028: Arrêt du déploiement de server-example.war (runtime-name: "server-example.war") en 73ms
2020-02-04 11:43:07,045 INFO  [org.jboss.as.repository] (management-handler-thread - 1) WFLYDR0002: Contenu supprimé de la location C:\Users\A506661\workspace\MyGitHub\java\java-parent\java-sample\jboss\standalone\data\content\39\6251969484d33334ad28cd36e5fd30f379634c\content
2020-02-04 11:43:07,047 INFO  [org.jboss.as.server] (management-handler-thread - 1) WFLYSRV0009: Annulation du déploiement de "server-example.war" (runtime-name: "server-example.war")
2020-02-04 11:43:21,101 INFO  [org.jboss.as.server] (management-handler-thread - 1) WFLYSRV0236: Serveur suspendu sans délai d'expiration.
2020-02-04 11:43:21,105 INFO  [org.jboss.as.ejb3] (management-handler-thread - 1) WFLYEJB0493: Suspension du sous-système EJB terminée
2020-02-04 11:43:21,105 INFO  [org.jboss.as.server] (Management Triggered Shutdown) WFLYSRV0241: Fermeture suite à l'opération de gestion 'shutdown'
2020-02-04 11:43:21,118 INFO  [org.jboss.as.connector.subsystems.datasources] (MSC service thread 1-6) WFLYJCA0010: Source de données non liée [java:jboss/datasources/rm3DB]
2020-02-04 11:43:21,125 INFO  [org.jboss.as.mail.extension] (MSC service thread 1-7) WFLYMAIL0002: Session mail non liée [java:jboss/mail/Default]
2020-02-04 11:43:21,126 INFO  [org.wildfly.extension.undertow] (MSC service thread 1-1) WFLYUT0019: L'hôte default-host s'arrête
2020-02-04 11:43:21,127 INFO  [org.wildfly.extension.messaging-activemq] (MSC service thread 1-8) WFLYMSGAMQ0006: Object de messagerie non lié au nom jndi java:jboss/DefaultJMSConnectionFactory
2020-02-04 11:43:21,127 INFO  [org.jboss.as.connector.subsystems.datasources] (MSC service thread 1-3) WFLYJCA0010: Source de données non liée [java:jboss/datasources/ExampleDS]
2020-02-04 11:43:21,128 INFO  [org.jboss.as.connector.deployment] (MSC service thread 1-2) WFLYJCA0011: JCA non liée ConnectionFactory [java:/JmsXA]
2020-02-04 11:43:21,128 INFO  [org.wildfly.extension.messaging-activemq] (ServerService Thread Pool -- 14) WFLYMSGAMQ0006: Object de messagerie non lié au nom jndi java:/ConnectionFactory
2020-02-04 11:43:21,135 INFO  [org.jboss.as.connector.deployers.jdbc] (MSC service thread 1-4) WFLYJCA0019: Arrêt du service de pilote avec le nom de pilote  = h2
2020-02-04 11:43:21,162 INFO  [org.jboss.as.clustering.infinispan] (ServerService Thread Pool -- 77) WFLYCLINF0003: Cache client-mappings arrêté depuis le conteneur ejb
2020-02-04 11:43:21,176 INFO  [org.apache.activemq.artemis.ra] (ServerService Thread Pool -- 78) AMQ151003: resource adaptor stopped
2020-02-04 11:43:21,219 INFO  [org.apache.activemq.artemis.core.server] (ServerService Thread Pool -- 78) AMQ221002: Apache ActiveMQ Artemis Message Broker version 2.7.0.redhat-00057 [f397dd89-469c-11ea-b23a-482ae336e304] stopped, uptime 9 minutes
2020-02-04 11:43:21,222 INFO  [org.wildfly.extension.undertow] (MSC service thread 1-5) WFLYUT0008: Undertow HTTP écouteur default suspension
2020-02-04 11:43:21,223 INFO  [org.wildfly.extension.undertow] (MSC service thread 1-5) WFLYUT0007: Undertow HTTP écouteur default s'est arrêté, était lié à 127.0.0.1:8080
2020-02-04 11:43:21,225 INFO  [org.wildfly.extension.undertow] (MSC service thread 1-5) WFLYUT0004: Arrêt 2.0.22.Final-redhat-00001 d'Undertow
2020-02-04 11:43:21,236 INFO  [org.jboss.as] (MSC service thread 1-3) WFLYSRV0050: JBoss EAP 7.2.3.GA (WildFly Core 6.0.15.Final-redhat-00001) arrêté en 123ms
2020-02-04 11:51:15,499 INFO  [org.jboss.as.server.deployment.scanner] (MSC service thread 1-7) WFLYDS0013: FileSystemDeploymentService démarré pour le répertoire C:\Users\A506661\workspace\MyGitHub\java\java-parent\java-sample\jboss\standalone\deployments
2020-02-04 11:51:17,557 INFO  [org.wildfly.extension.undertow] (MSC service thread 1-6) WFLYUT0006: Undertow HTTP écouteur default écoute sur 127.0.0.1:8080
2020-02-04 11:51:17,801 INFO  [org.wildfly.extension.messaging-activemq] (MSC service thread 1-8) WFLYMSGAMQ0001: AIO ne se trouvait pas sur cette plateforme, il faudra donc utiliser du Java NIO pur.
2020-02-04 11:51:17,872 INFO  [org.jboss.as.ejb3] (MSC service thread 1-6) WFLYEJB0493: Suspension du sous-système EJB terminée
2020-02-04 11:51:18,012 INFO  [org.jboss.ws.common.management] (MSC service thread 1-4) JBWS022052: Starting JBossWS 5.2.4.Final-redhat-00001 (Apache CXF 3.2.9.redhat-00002) 
2020-02-04 11:51:18,023 INFO  [org.jboss.as.connector.subsystems.datasources] (MSC service thread 1-2) WFLYJCA0001: Source de données liée [java:jboss/datasources/ExampleDS]
2020-02-04 11:51:18,023 INFO  [org.jboss.as.connector.subsystems.datasources] (MSC service thread 1-6) WFLYJCA0001: Source de données liée [java:jboss/datasources/rm3DB]
2020-02-04 11:51:18,264 INFO  [org.wildfly.iiop.openjdk] (MSC service thread 1-5) WFLYIIOP0009: Service CORBA ORB démarré
2020-02-04 11:51:20,307 INFO  [org.apache.activemq.artemis.core.server] (ServerService Thread Pool -- 64) AMQ221000: live Message Broker is starting with configuration Broker Configuration (clustered=false,journalDirectory=C:\Users\A506661\workspace\MyGitHub\java\java-parent\java-sample\jboss\standalone\data\activemq\journal,bindingsDirectory=C:\Users\A506661\workspace\MyGitHub\java\java-parent\java-sample\jboss\standalone\data\activemq\bindings,largeMessagesDirectory=C:\Users\A506661\workspace\MyGitHub\java\java-parent\java-sample\jboss\standalone\data\activemq\largemessages,pagingDirectory=C:\Users\A506661\workspace\MyGitHub\java\java-parent\java-sample\jboss\standalone\data\activemq\paging)
2020-02-04 11:51:20,513 INFO  [org.apache.activemq.artemis.core.server] (ServerService Thread Pool -- 64) AMQ221013: Using NIO Journal
2020-02-04 11:51:20,564 INFO  [org.apache.activemq.artemis.core.server] (ServerService Thread Pool -- 64) AMQ221057: Global Max Size is being adjusted to 1/2 of the JVM max size (-Xmx). being defined as 1 891 368 960
2020-02-04 11:51:20,583 INFO  [org.apache.activemq.artemis.core.server] (ServerService Thread Pool -- 64) AMQ221043: Protocol module found: [artemis-server]. Adding protocol support for: CORE
2020-02-04 11:51:20,584 INFO  [org.apache.activemq.artemis.core.server] (ServerService Thread Pool -- 64) AMQ221043: Protocol module found: [artemis-hornetq-protocol]. Adding protocol support for: HORNETQ
2020-02-04 11:51:20,622 WARN  [org.apache.activemq.artemis.core.server] (ServerService Thread Pool -- 64) AMQ222277: Problem initializing automatic logging configuration reload for file:C:\JBoss\jboss-eap-7.2.0\standalone\configuration\logging.properties: java.net.URISyntaxException: Illegal character in opaque part at index 7: file:C:\JBoss\jboss-eap-7.2.0\standalone\configuration\logging.properties
	at java.net.URI$Parser.fail(URI.java:2848)
	at java.net.URI$Parser.checkChars(URI.java:3021)
	at java.net.URI$Parser.parse(URI.java:3058)
	at java.net.URI.<init>(URI.java:588)
	at org.apache.activemq.artemis.core.server.impl.ActiveMQServerImpl.initialisePart1(ActiveMQServerImpl.java:2714)
	at org.apache.activemq.artemis.core.server.impl.LiveOnlyActivation.run(LiveOnlyActivation.java:64)
	at org.apache.activemq.artemis.core.server.impl.ActiveMQServerImpl.internalStart(ActiveMQServerImpl.java:595)
	at org.apache.activemq.artemis.core.server.impl.ActiveMQServerImpl.start(ActiveMQServerImpl.java:522)
	at org.apache.activemq.artemis.jms.server.impl.JMSServerManagerImpl.start(JMSServerManagerImpl.java:376)
	at org.wildfly.extension.messaging.activemq.jms.JMSService.doStart(JMSService.java:206)
	at org.wildfly.extension.messaging.activemq.jms.JMSService.access$000(JMSService.java:65)
	at org.wildfly.extension.messaging.activemq.jms.JMSService$1.run(JMSService.java:100)
	at java.util.concurrent.Executors$RunnableAdapter.call(Executors.java:511)
	at java.util.concurrent.FutureTask.run(FutureTask.java:266)
	at org.jboss.threads.ContextClassLoaderSavingRunnable.run(ContextClassLoaderSavingRunnable.java:35)
	at org.jboss.threads.EnhancedQueueExecutor.safeRun(EnhancedQueueExecutor.java:1985)
	at org.jboss.threads.EnhancedQueueExecutor$ThreadBody.doRunTask(EnhancedQueueExecutor.java:1487)
	at org.jboss.threads.EnhancedQueueExecutor$ThreadBody.run(EnhancedQueueExecutor.java:1349)
	at java.lang.Thread.run(Thread.java:748)
	at org.jboss.threads.JBossThread.run(JBossThread.java:485)

2020-02-04 11:51:20,633 INFO  [org.apache.activemq.artemis.core.server] (ServerService Thread Pool -- 64) AMQ221034: Waiting indefinitely to obtain live lock
2020-02-04 11:51:20,634 INFO  [org.apache.activemq.artemis.core.server] (ServerService Thread Pool -- 64) AMQ221035: Live Server Obtained live lock
2020-02-04 11:51:20,841 INFO  [org.wildfly.extension.messaging-activemq] (MSC service thread 1-3) WFLYMSGAMQ0016: Mise à niveau HTTP enregistré pour le protocole activemq-remoting géré par l'acceptateur http-acceptor-throughput
2020-02-04 11:51:20,841 INFO  [org.wildfly.extension.messaging-activemq] (MSC service thread 1-2) WFLYMSGAMQ0016: Mise à niveau HTTP enregistré pour le protocole activemq-remoting géré par l'acceptateur http-acceptor
2020-02-04 11:51:20,841 INFO  [org.wildfly.extension.messaging-activemq] (MSC service thread 1-4) WFLYMSGAMQ0016: Mise à niveau HTTP enregistré pour le protocole activemq-remoting géré par l'acceptateur http-acceptor
2020-02-04 11:51:20,841 INFO  [org.wildfly.extension.messaging-activemq] (MSC service thread 1-5) WFLYMSGAMQ0016: Mise à niveau HTTP enregistré pour le protocole activemq-remoting géré par l'acceptateur http-acceptor-throughput
2020-02-04 11:51:20,986 INFO  [org.apache.activemq.artemis.core.server] (ServerService Thread Pool -- 64) AMQ221007: Server is now live
2020-02-04 11:51:20,988 INFO  [org.apache.activemq.artemis.core.server] (ServerService Thread Pool -- 64) AMQ221001: Apache ActiveMQ Artemis Message Broker version 2.7.0.redhat-00057 [default, nodeID=47001984-473c-11ea-8c14-482ae336e304] 
2020-02-04 11:51:21,002 INFO  [org.wildfly.extension.messaging-activemq] (ServerService Thread Pool -- 64) WFLYMSGAMQ0002: Object de messagerie lié au nom jndi java:jboss/exported/jms/RemoteConnectionFactory
2020-02-04 11:51:21,011 INFO  [org.wildfly.extension.messaging-activemq] (MSC service thread 1-2) WFLYMSGAMQ0006: Object de messagerie non lié au nom jndi java:jboss/DefaultJMSConnectionFactory
2020-02-04 11:51:21,069 INFO  [org.wildfly.extension.messaging-activemq] (ServerService Thread Pool -- 66) WFLYMSGAMQ0002: Object de messagerie lié au nom jndi java:/ConnectionFactory
2020-02-04 11:51:21,070 INFO  [org.jboss.as.connector.deployment] (MSC service thread 1-5) WFLYJCA0007: Fabrique de connexions enregistrée java:/JmsXA
2020-02-04 11:51:21,074 INFO  [org.jboss.as.connector.deployment] (MSC service thread 1-7) WFLYJCA0011: JCA non liée ConnectionFactory [java:/JmsXA]
2020-02-04 11:51:21,140 INFO  [org.apache.activemq.artemis.ra] (MSC service thread 1-5) AMQ151007: Resource adaptor started
2020-02-04 11:51:21,141 INFO  [org.jboss.as.connector.services.resourceadapters.ResourceAdapterActivatorService$ResourceAdapterActivator] (MSC service thread 1-5) IJ020002: Deployed: file://RaActivatoractivemq-ra
2020-02-04 11:51:21,144 INFO  [org.jboss.as.connector.deployment] (MSC service thread 1-6) WFLYJCA0002: JCA liée ConnectionFactory [java:/JmsXA]
2020-02-04 11:51:21,144 INFO  [org.wildfly.extension.messaging-activemq] (MSC service thread 1-3) WFLYMSGAMQ0002: Object de messagerie lié au nom jndi java:jboss/DefaultJMSConnectionFactory
2020-02-04 11:51:21,243 INFO  [org.jboss.as.server] (Controller Boot Thread) WFLYSRV0212: Redémarrage du serveur
2020-02-04 11:51:21,246 INFO  [org.jboss.as] (Controller Boot Thread) WFLYSRV0060: L'interface de gestion http écoute sur http://127.0.0.1:9990/management
2020-02-04 11:51:21,247 INFO  [org.jboss.as] (Controller Boot Thread) WFLYSRV0051: La console d'administration écoute sur http://127.0.0.1:9990
2020-02-04 11:51:21,248 INFO  [org.jboss.as] (Controller Boot Thread) WFLYSRV0025: JBoss EAP 7.2.3.GA (WildFly Core 6.0.15.Final-redhat-00001) a démarré en 12052ms - 333 sur 605 services ont démarré (392 services sont passifs ou à la demande)
2020-02-04 11:51:23,194 INFO  [org.jboss.as.repository] (management-handler-thread - 1) WFLYDR0001: Contenu ajouté dans location C:\Users\A506661\workspace\MyGitHub\java\java-parent\java-sample\jboss\standalone\data\content\29\11ea16726bed50a3202fde954fd7e4d914e57e\content
2020-02-04 11:51:23,216 INFO  [org.jboss.as.server.deployment] (MSC service thread 1-3) WFLYSRV0027: Lancement du déploiement de "server-example.war" (runtime-name: "server-example.war")
2020-02-04 11:51:24,073 INFO  [org.infinispan.factories.GlobalComponentRegistry] (MSC service thread 1-2) ISPN000128: Infinispan version: Infinispan 'Estrella Galicia' 9.3.6.Final-redhat-00001
2020-02-04 11:51:24,246 INFO  [org.jboss.as.clustering.infinispan] (ServerService Thread Pool -- 65) WFLYCLINF0002: Cache client-mappings démarré depuis le conteneur ejb
2020-02-04 11:51:24,299 INFO  [org.wildfly.security] (MSC service thread 1-2) ELY00001: WildFly Elytron version 1.6.3.Final-redhat-00001
2020-02-04 11:51:24,371 INFO  [org.wildfly.extension.undertow] (ServerService Thread Pool -- 14) WFLYUT0021: Contexte web enregistré :  « /server-example » pour le serveur « default-server »
2020-02-04 11:51:24,486 INFO  [org.jboss.as.server] (management-handler-thread - 1) WFLYSRV0010: Déploiement de "server-example.war" (runtime-name: "server-example.war")
